Insert 500
 500
---- 0 1
Insert 400
____ 500
 400    
-------- 0 2
Insert 700
____ 500____
 400     700
------------ 0 3
Insert 200
    ____ 500____
____ 400     700
 200            
---------------- 0 4
Insert 100
    ________ 500____
____ 200____     700
 100     400        
-------------------- 0 5
Insert 300
    ________ 400____    
____ 200____     500____
 100     300         700
------------------------ 0 6
Insert 600
    ________ 400________    
____ 200____    ____ 600____
 100     300     500     700
---------------------------- 0 7
Delete 600
    ________ 400________    
____ 200____    ____#600____
 100     300     500     700
---------------------------- 1 6
Delete 300
    ________ 400________    
____ 200____    ____#600____
 100    #300     500     700
---------------------------- 2 5
Delete 100
    ________ 400________    
____ 200____    ____#600____
#100    #300     500     700
---------------------------- 3 4
Delete 700
    ________ 400________    
____ 200____    ____#600____
#100    #300     500    #700
---------------------------- 4 3
Delete 100
    ________ 400________    
____ 200____    ____#600____
#100    #300     500    #700
---------------------------- 4 3
Delete 400
    ________#400________    
____ 200____    ____#600____
#100    #300     500    #700
---------------------------- 5 2
Delete 500
    ________#400________    
____ 200____    ____#600____
#100    #300    #500    #700
---------------------------- 6 1
Insert 500
    ________#400________    
____ 200____    ____#600____
#100    #300     500    #700
---------------------------- 5 2
Insert 400
    ________#400________    
____ 200____    ____#600____
#100     400     500    #700
---------------------------- 4 3
Insert 700
    ________#400________    
____ 200____    ____#600____
#100     400     500     700
---------------------------- 3 4
Insert 200
    ________#400________    
____ 200____    ____#600____
#100     400     500     700
---------------------------- 3 4
Insert 100
    ________#400________    
____ 200____    ____#600____
 100     400     500     700
---------------------------- 2 5
Insert 300
    ____________ 400________    
____ 200________    ____#600____
 100    ____#400     500     700
         300                    
-------------------------------- 2 6
Insert 600
    ____________ 400____________    
____ 200________    ________ 600____
 100    ____#400     500____     700
         300            #600        
------------------------------------ 2 7
3 2 7
