Insert 11
 11
--- 0 1
Insert 22
 11___
    22
------ 0 2
Insert 33
___ 22___
 11    33
--------- 0 3
Delete 11
___ 22___
#11    33
--------- 1 2
Delete 22
___#22___
#11    33
--------- 2 1
Delete 33
___#22___
#11   #33
--------- 3 0
Insert 22
___#22___
 22   #33
--------- 2 1
Insert 33
___#22___
 22    33
--------- 1 2
Insert 11
   ___ 22___
___#22    33
 11         
------------ 1 3
Insert 15
   ______ 22___
___ 15___    33
 11   #22      
--------------- 1 4
Insert 20
   ______ 22___
___ 15___    33
 11    20      
--------------- 0 5
Insert 25
   ______ 22______
___ 15___   ___ 33
 11    20    25   
------------------ 0 6
2 0 6
