Insert 34
 34
--- 0 1
Insert 12
___ 34
 12   
------ 0 2
Insert 43
___ 34___
 12    43
--------- 0 3
Insert 69
___ 34___   
 12    43___
          69
------------ 0 4
Insert 39
___ 34______   
 12   ___ 43___
       39    69
--------------- 0 5
Insert 32
______ 34______   
 12___   ___ 43___
    32    39    69
------------------ 0 6
Insert 22
   ______ 34______   
___ 22___   ___ 43___
 12    32    39    69
--------------------- 0 7
Insert 56
   ______ 34______      
___ 22___   ___ 43______
 12    32    39   ___ 69
                   56   
------------------------ 0 8
Insert 34
   ______ 34______      
___ 22___   ___ 43______
 12    32    39   ___ 69
                   56   
------------------------ 0 8
Insert 49
   ______ 34______         
___ 22___   ___ 43______   
 12    32    39   ___ 56___
                   49    69
--------------------------- 0 9
Insert 23
   _________ 34______         
___ 22______   ___ 43______   
 12   ___ 32    39   ___ 56___
       23             49    69
------------------------------ 0 10
Insert 43
   _________ 34______         
___ 22______   ___ 43______   
 12   ___ 32    39   ___ 56___
       23             49    69
------------------------------ 0 10
Insert 58
   _________ 34____________      
___ 22______      ______ 56______
 12   ___ 32   ___ 43___   ___ 69
       23       39    49    58   
--------------------------------- 0 11
Insert 79
   _________ 34____________         
___ 22______      ______ 56______   
 12   ___ 32   ___ 43___   ___ 69___
       23       39    49    58    79
------------------------------------ 0 12
Insert 49
   _________ 34____________         
___ 22______      ______ 56______   
 12   ___ 32   ___ 43___   ___ 69___
       23       39    49    58    79
------------------------------------ 0 12
Insert 25
   ____________ 34____________         
___ 22______         ______ 56______   
 12   ___ 25___   ___ 43___   ___ 69___
       23    32    39    49    58    79
--------------------------------------- 0 13
Insert 20
      ____________ 34____________         
______ 22______         ______ 56______   
 12___   ___ 25___   ___ 43___   ___ 69___
    20    23    32    39    49    58    79
------------------------------------------ 0 14
Insert 52
      ____________ 34_______________         
______ 22______         _________ 56______   
 12___   ___ 25___   ___ 43___      ___ 69___
    20    23    32    39    49___    58    79
                               52            
--------------------------------------------- 0 15
Delete 65
      ____________ 34_______________         
______ 22______         _________ 56______   
 12___   ___ 25___   ___ 43___      ___ 69___
    20    23    32    39    49___    58    79
                               52            
--------------------------------------------- 0 15
Delete 28
      ____________ 34_______________         
______ 22______         _________ 56______   
 12___   ___ 25___   ___ 43___      ___ 69___
    20    23    32    39    49___    58    79
                               52            
--------------------------------------------- 0 15
Insert 80
      ____________ 34_______________            
______ 22______         _________ 56______      
 12___   ___ 25___   ___ 43___      ___ 69___   
    20    23    32    39    49___    58    79___
                               52             80
------------------------------------------------ 0 16
Delete 52
      ____________ 34_______________            
______ 22______         _________ 56______      
 12___   ___ 25___   ___ 43___      ___ 69___   
    20    23    32    39    49___    58    79___
                              #52             80
------------------------------------------------ 1 15
Delete 32
      ____________ 34_______________            
______ 22______         _________ 56______      
 12___   ___ 25___   ___ 43___      ___ 69___   
    20    23   #32    39    49___    58    79___
                              #52             80
------------------------------------------------ 2 14
Delete 39
      ____________ 34_______________            
______ 22______         _________ 56______      
 12___   ___ 25___   ___ 43___      ___ 69___   
    20    23   #32   #39    49___    58    79___
                              #52             80
------------------------------------------------ 3 13
Insert 75
      ____________ 34_______________               
______ 22______         _________ 56______         
 12___   ___ 25___   ___ 43___      ___ 69______   
    20    23   #32   #39    49___    58   ___ 79___
                              #52          75    80
--------------------------------------------------- 3 14
Insert 23
      ____________ 34_______________               
______ 22______         _________ 56______         
 12___   ___ 25___   ___ 43___      ___ 69______   
    20    23   #32   #39    49___    58   ___ 79___
                              #52          75    80
--------------------------------------------------- 3 14
Insert 65
      ____________ 34_______________                  
______ 22______         _________ 56_________         
 12___   ___ 25___   ___ 43___      ______ 69______   
    20    23   #32   #39    49___    58___   ___ 79___
                              #52       65    75    80
------------------------------------------------------ 3 15
Delete 13
      ____________ 34_______________                  
______ 22______         _________ 56_________         
 12___   ___ 25___   ___ 43___      ______ 69______   
    20    23   #32   #39    49___    58___   ___ 79___
                              #52       65    75    80
------------------------------------------------------ 3 15
Insert 63
      ____________ 34_______________                     
______ 22______         _________ 56____________         
 12___   ___ 25___   ___ 43___         ______ 69______   
    20    23   #32   #39    49___   ___ 63___   ___ 79___
                              #52    58    65    75    80
--------------------------------------------------------- 3 16
Delete 62
      ____________ 34_______________                     
______ 22______         _________ 56____________         
 12___   ___ 25___   ___ 43___         ______ 69______   
    20    23   #32   #39    49___   ___ 63___   ___ 79___
                              #52    58    65    75    80
--------------------------------------------------------- 3 16
Delete 11
      ____________ 34_______________                     
______ 22______         _________ 56____________         
 12___   ___ 25___   ___ 43___         ______ 69______   
    20    23   #32   #39    49___   ___ 63___   ___ 79___
                              #52    58    65    75    80
--------------------------------------------------------- 3 16
Insert 13
         ____________ 34_______________                     
   ______ 22______         _________ 56____________         
___ 13___   ___ 25___   ___ 43___         ______ 69______   
 12    20    23   #32   #39    49___   ___ 63___   ___ 79___
                                 #52    58    65    75    80
------------------------------------------------------------ 3 17
Insert 79
         ____________ 34_______________                     
   ______ 22______         _________ 56____________         
___ 13___   ___ 25___   ___ 43___         ______ 69______   
 12    20    23   #32   #39    49___   ___ 63___   ___ 79___
                                 #52    58    65    75    80
------------------------------------------------------------ 3 17
Insert 36
         ____________ 34_______________                     
   ______ 22______         _________ 56____________         
___ 13___   ___ 25___   ___ 43___         ______ 69______   
 12    20    23   #32    36    49___   ___ 63___   ___ 79___
                                 #52    58    65    75    80
------------------------------------------------------------ 2 18
Insert 60
                     _______________ 56_______________         
         ____________ 34______               ______ 69______   
   ______ 22______      ___ 43___      ______ 63___   ___ 79___
___ 13___   ___ 25___    36    49___    58___    65    75    80
 12    20    23   #32            #52       60                  
--------------------------------------------------------------- 2 19
Delete 39
                     _______________ 56_______________         
         ____________ 34______               ______ 69______   
   ______ 22______      ___ 43___      ______ 63___   ___ 79___
___ 13___   ___ 25___    36    49___    58___    65    75    80
 12    20    23   #32            #52       60                  
--------------------------------------------------------------- 2 19
Delete 56
                     _______________#56_______________         
         ____________ 34______               ______ 69______   
   ______ 22______      ___ 43___      ______ 63___   ___ 79___
___ 13___   ___ 25___    36    49___    58___    65    75    80
 12    20    23   #32            #52       60                  
--------------------------------------------------------------- 3 18
Insert 79
                     _______________#56_______________         
         ____________ 34______               ______ 69______   
   ______ 22______      ___ 43___      ______ 63___   ___ 79___
___ 13___   ___ 25___    36    49___    58___    65    75    80
 12    20    23   #32            #52       60                  
--------------------------------------------------------------- 3 18
Delete 49
                     _______________#56_______________         
         ____________ 34______               ______ 69______   
   ______ 22______      ___ 43___      ______ 63___   ___ 79___
___ 13___   ___ 25___    36   #49___    58___    65    75    80
 12    20    23   #32            #52       60                  
--------------------------------------------------------------- 4 17
Delete 66
                     _______________#56_______________         
         ____________ 34______               ______ 69______   
   ______ 22______      ___ 43___      ______ 63___   ___ 79___
___ 13___   ___ 25___    36   #49___    58___    65    75    80
 12    20    23   #32            #52       60                  
--------------------------------------------------------------- 4 17
Insert 25
                     _______________#56_______________         
         ____________ 34______               ______ 69______   
   ______ 22______      ___ 43___      ______ 63___   ___ 79___
___ 13___   ___ 25___    36   #49___    58___    65    75    80
 12    20    23   #32            #52       60                  
--------------------------------------------------------------- 4 17
Insert 37
                     __________________#56_______________         
         ____________ 34_________               ______ 69______   
   ______ 22______      ______ 43___      ______ 63___   ___ 79___
___ 13___   ___ 25___    36___   #49___    58___    65    75    80
 12    20    23   #32       37      #52       60                  
------------------------------------------------------------------ 4 18
Insert 77
                     __________________#56_______________            
         ____________ 34_________               ______ 69_________   
   ______ 22______      ______ 43___      ______ 63___   ______ 79___
___ 13___   ___ 25___    36___   #49___    58___    65    75___    80
 12    20    23   #32       37      #52       60             77      
--------------------------------------------------------------------- 4 19
Insert 33
                     __________________#56_______________            
         ____________ 34_________               ______ 69_________   
   ______ 22______      ______ 43___      ______ 63___   ______ 79___
___ 13___   ___ 25___    36___   #49___    58___    65    75___    80
 12    20    23    33       37      #52       60             77      
--------------------------------------------------------------------- 3 20
Delete 67
                     __________________#56_______________            
         ____________ 34_________               ______ 69_________   
   ______ 22______      ______ 43___      ______ 63___   ______ 79___
___ 13___   ___ 25___    36___   #49___    58___    65    75___    80
 12    20    23    33       37      #52       60             77      
--------------------------------------------------------------------- 3 20
Insert 50
                     __________________#56_______________            
         ____________ 34_________               ______ 69_________   
   ______ 22______      ______ 43___      ______ 63___   ______ 79___
___ 13___   ___ 25___    36___   #49___    58___    65    75___    80
 12    20    23    33       37       50       60             77      
--------------------------------------------------------------------- 2 21
Delete 33
                     __________________#56_______________            
         ____________ 34_________               ______ 69_________   
   ______ 22______      ______ 43___      ______ 63___   ______ 79___
___ 13___   ___ 25___    36___   #49___    58___    65    75___    80
 12    20    23   #33       37       50       60             77      
--------------------------------------------------------------------- 3 20
Delete 16
                     __________________#56_______________            
         ____________ 34_________               ______ 69_________   
   ______ 22______      ______ 43___      ______ 63___   ______ 79___
___ 13___   ___ 25___    36___   #49___    58___    65    75___    80
 12    20    23   #33       37       50       60             77      
--------------------------------------------------------------------- 3 20
Insert 70
                     __________________ 50_______________               
         ____________ 34_________               ______ 69____________   
   ______ 22______      ______ 43___      ______ 63___      ______ 79___
___ 13___   ___ 25___    36___   #49___    58___    65   ___ 75___    80
 12    20    23   #33       37      #50       60          70    77      
------------------------------------------------------------------------ 3 21
Insert 30
                     __________________ 50_______________               
         ____________ 34_________               ______ 69____________   
   ______ 22______      ______ 43___      ______ 63___      ______ 79___
___ 13___   ___ 25___    36___   #49___    58___    65   ___ 75___    80
 12    20    23    30       37      #50       60          70    77      
------------------------------------------------------------------------ 2 22
Insert 58
                     __________________ 50_______________               
         ____________ 34_________               ______ 69____________   
   ______ 22______      ______ 43___      ______ 63___      ______ 79___
___ 13___   ___ 25___    36___   #49___    58___    65   ___ 75___    80
 12    20    23    30       37      #50       60          70    77      
------------------------------------------------------------------------ 2 22
Insert 42
                     _____________________ 50_______________               
         ____________ 34____________               ______ 69____________   
   ______ 22______         ______ 43___      ______ 63___      ______ 79___
___ 13___   ___ 25___   ___ 37___   #49___    58___    65   ___ 75___    80
 12    20    23    30    36    42      #50       60          70    77      
--------------------------------------------------------------------------- 2 23
Delete 71
                     _____________________ 50_______________               
         ____________ 34____________               ______ 69____________   
   ______ 22______         ______ 43___      ______ 63___      ______ 79___
___ 13___   ___ 25___   ___ 37___   #49___    58___    65   ___ 75___    80
 12    20    23    30    36    42      #50       60          70    77      
--------------------------------------------------------------------------- 2 23
Insert 65
                     _____________________ 50_______________               
         ____________ 34____________               ______ 69____________   
   ______ 22______         ______ 43___      ______ 63___      ______ 79___
___ 13___   ___ 25___   ___ 37___   #49___    58___    65   ___ 75___    80
 12    20    23    30    36    42      #50       60          70    77      
--------------------------------------------------------------------------- 2 23
Insert 36
                     _____________________ 50_______________               
         ____________ 34____________               ______ 69____________   
   ______ 22______         ______ 43___      ______ 63___      ______ 79___
___ 13___   ___ 25___   ___ 37___   #49___    58___    65   ___ 75___    80
 12    20    23    30    36    42      #50       60          70    77      
--------------------------------------------------------------------------- 2 23
Delete 64
                     _____________________ 50_______________               
         ____________ 34____________               ______ 69____________   
   ______ 22______         ______ 43___      ______ 63___      ______ 79___
___ 13___   ___ 25___   ___ 37___   #49___    58___    65   ___ 75___    80
 12    20    23    30    36    42      #50       60          70    77      
--------------------------------------------------------------------------- 2 23
Insert 11
                        _____________________ 50_______________               
            ____________ 34____________               ______ 69____________   
      ______ 22______         ______ 43___      ______ 63___      ______ 79___
   ___ 13___   ___ 25___   ___ 37___   #49___    58___    65   ___ 75___    80
___ 12    20    23    30    36    42      #50       60          70    77      
 11                                                                           
------------------------------------------------------------------------------ 2 24
Insert 20
                        _____________________ 50_______________               
            ____________ 34____________               ______ 69____________   
      ______ 22______         ______ 43___      ______ 63___      ______ 79___
   ___ 13___   ___ 25___   ___ 37___   #49___    58___    65   ___ 75___    80
___ 12    20    23    30    36    42      #50       60          70    77      
 11                                                                           
------------------------------------------------------------------------------ 2 24
Delete 33
                        _____________________ 50_______________               
            ____________ 34____________               ______ 69____________   
      ______ 22______         ______ 43___      ______ 63___      ______ 79___
   ___ 13___   ___ 25___   ___ 37___   #49___    58___    65   ___ 75___    80
___ 12    20    23    30    36    42      #50       60          70    77      
 11                                                                           
------------------------------------------------------------------------------ 2 24
Delete 13
                        _____________________ 50_______________               
            ____________ 34____________               ______ 69____________   
      ______ 22______         ______ 43___      ______ 63___      ______ 79___
   ___#13___   ___ 25___   ___ 37___   #49___    58___    65   ___ 75___    80
___ 12    20    23    30    36    42      #50       60          70    77      
 11                                                                           
------------------------------------------------------------------------------ 3 23
Delete 15
                        _____________________ 50_______________               
            ____________ 34____________               ______ 69____________   
      ______ 22______         ______ 43___      ______ 63___      ______ 79___
   ___#13___   ___ 25___   ___ 37___   #49___    58___    65   ___ 75___    80
___ 12    20    23    30    36    42      #50       60          70    77      
 11                                                                           
------------------------------------------------------------------------------ 3 23
Delete 14
                        _____________________ 50_______________               
            ____________ 34____________               ______ 69____________   
      ______ 22______         ______ 43___      ______ 63___      ______ 79___
   ___#13___   ___ 25___   ___ 37___   #49___    58___    65   ___ 75___    80
___ 12    20    23    30    36    42      #50       60          70    77      
 11                                                                           
------------------------------------------------------------------------------ 3 23
Delete 31
                        _____________________ 50_______________               
            ____________ 34____________               ______ 69____________   
      ______ 22______         ______ 43___      ______ 63___      ______ 79___
   ___#13___   ___ 25___   ___ 37___   #49___    58___    65   ___ 75___    80
___ 12    20    23    30    36    42      #50       60          70    77      
 11                                                                           
------------------------------------------------------------------------------ 3 23
Delete 77
                        _____________________ 50_______________               
            ____________ 34____________               ______ 69____________   
      ______ 22______         ______ 43___      ______ 63___      ______ 79___
   ___#13___   ___ 25___   ___ 37___   #49___    58___    65   ___ 75___    80
___ 12    20    23    30    36    42      #50       60          70   #77      
 11                                                                           
------------------------------------------------------------------------------ 4 22
Delete 47
                        _____________________ 50_______________               
            ____________ 34____________               ______ 69____________   
      ______ 22______         ______ 43___      ______ 63___      ______ 79___
   ___#13___   ___ 25___   ___ 37___   #49___    58___    65   ___ 75___    80
___ 12    20    23    30    36    42      #50       60          70   #77      
 11                                                                           
------------------------------------------------------------------------------ 4 22
Insert 75
                        _____________________ 50_______________               
            ____________ 34____________               ______ 69____________   
      ______ 22______         ______ 43___      ______ 63___      ______ 79___
   ___#13___   ___ 25___   ___ 37___   #49___    58___    65   ___ 75___    80
___ 12    20    23    30    36    42      #50       60          70   #77      
 11                                                                           
------------------------------------------------------------------------------ 4 22
Insert 24
                           _____________________ 50_______________               
            _______________ 34____________               ______ 69____________   
      ______ 22_________         ______ 43___      ______ 63___      ______ 79___
   ___#13___   ______ 25___   ___ 37___   #49___    58___    65   ___ 75___    80
___ 12    20    23___    30    36    42      #50       60          70   #77      
 11                24                                                            
--------------------------------------------------------------------------------- 4 23
Delete 64
                           _____________________ 50_______________               
            _______________ 34____________               ______ 69____________   
      ______ 22_________         ______ 43___      ______ 63___      ______ 79___
   ___#13___   ______ 25___   ___ 37___   #49___    58___    65   ___ 75___    80
___ 12    20    23___    30    36    42      #50       60          70   #77      
 11                24                                                            
--------------------------------------------------------------------------------- 4 23
Delete 29
                           _____________________ 50_______________               
            _______________ 34____________               ______ 69____________   
      ______ 22_________         ______ 43___      ______ 63___      ______ 79___
   ___#13___   ______ 25___   ___ 37___   #49___    58___    65   ___ 75___    80
___ 12    20    23___    30    36    42      #50       60          70   #77      
 11                24                                                            
--------------------------------------------------------------------------------- 4 23
Insert 60
                           _____________________ 50_______________               
            _______________ 34____________               ______ 69____________   
      ______ 22_________         ______ 43___      ______ 63___      ______ 79___
   ___#13___   ______ 25___   ___ 37___   #49___    58___    65   ___ 75___    80
___ 12    20    23___    30    36    42      #50       60          70   #77      
 11                24                                                            
--------------------------------------------------------------------------------- 4 23
5 4 23
