Insert 60
 60
--- 0 1
Insert 30
___ 60
 30   
------ 0 2
Insert 80
___ 60___
 30    80
--------- 0 3
Insert 30
___ 60___
 30    80
--------- 0 3
Insert 20
   ___ 60___
___ 30    80
 20         
------------ 0 4
Insert 40
   ______ 60___
___ 30___    80
 20    40      
--------------- 0 5
Insert 70
   ______ 60______
___ 30___   ___ 80
 20    40    70   
------------------ 0 6
Insert 10
      ______ 60______
   ___ 30___   ___ 80
___ 20    40    70   
 10                  
--------------------- 0 7
Insert 50
      _________ 60______
   ___ 30___      ___ 80
___ 20    40___    70   
 10          50         
------------------------ 0 8
Delete 60
      _________#60______
   ___ 30___      ___ 80
___ 20    40___    70   
 10          50         
------------------------ 1 7
Insert 90
      _________ 50______   
   ___ 30___      ___ 80___
___ 20    40___    70    90
 10         #50            
--------------------------- 1 8
Delete 40
      _________ 50______   
   ___ 30___      ___ 80___
___ 20   #40___    70    90
 10         #50            
--------------------------- 2 7
Insert 35
      _________ 50______   
   ___ 30___      ___ 80___
___ 20    35___    70    90
 10         #50            
--------------------------- 1 8
Delete 50
      _________#50______   
   ___ 30___      ___ 80___
___ 20    35___    70    90
 10         #50            
--------------------------- 2 7
Insert 60
      _________#50_________   
   ___ 30___         ___ 80___
___ 20    35___   ___ 70    90
 10         #50    60         
------------------------------ 2 8
3 2 8
